<?xml version="1.0" encoding="UTF-8"?>
<testng-results ignored="0" total="1" passed="1" failed="0" skipped="0">
  <reporter-output>
  </reporter-output>
  <suite started-at="2025-11-07T12:37:09 GMT-06:00" name="Default suite" finished-at="2025-11-07T12:37:32 GMT-06:00" duration-ms="22141">
    <groups>
    </groups>
    <test started-at="2025-11-07T12:37:09 GMT-06:00" name="Default test" finished-at="2025-11-07T12:37:32 GMT-06:00" duration-ms="22141">
      <class name="pb_TestCases.TestRegisterNewUser">
        <test-method is-config="true" signature="launchBrowser()[pri:0, instance:pb_TestCases.TestRegisterNewUser@11fc564b]" started-at="2025-11-07T12:37:09 GMT-06:00" name="launchBrowser" finished-at="2025-11-07T12:37:19 GMT-06:00" duration-ms="9737" status="PASS">
          <reporter-output>
          </reporter-output>
        </test-method> <!-- launchBrowser -->
        <test-method signature="verifyRegisterNewUser()[pri:0, instance:pb_TestCases.TestRegisterNewUser@11fc564b]" started-at="2025-11-07T12:37:19 GMT-06:00" name="verifyRegisterNewUser" finished-at="2025-11-07T12:37:32 GMT-06:00" duration-ms="12346" status="PASS">
          <reporter-output>
          </reporter-output>
        </test-method> <!-- verifyRegisterNewUser -->
      </class> <!-- pb_TestCases.TestRegisterNewUser -->
    </test> <!-- Default test -->
  </suite> <!-- Default suite -->
</testng-results>
